<?xml version="1.0" encoding="UTF-8"?>
<!-- Generated by org.testng.reporters.JUnitXMLReporter -->
<testsuite ignored="3" hostname="H4877CC0001" failures="0" tests="7" name="Default test" time="333.087" errors="0" timestamp="2025-09-01T16:21:49 GMT-03:00">
  <testcase classname="ar.com.bna.digitaltest.testcases.DebinTest" name="generateDebin" time="11.512"/>
  <testcase classname="ar.com.bna.digitaltest.testcases.DebinTest" name="generateDebin" time="8.89"/>
  <testcase classname="ar.com.bna.digitaltest.testcases.DebinTest" name="generateDebin" time="10.901"/>
  <testcase classname="ar.com.bna.digitaltest.testcases.DebinTest" name="generateDebin" time="8.435"/>
  <testcase classname="ar.com.bna.digitaltest.testcases.DebinTest" name="generateDebin" time="7.958"/>
  <testcase classname="ar.com.bna.digitaltest.testcases.DebinTest" name="generateDebin" time="8.895"/>
  <testcase classname="ar.com.bna.digitaltest.testcases.DebinTest" name="generateDebin" time="9.552"/>
  <testcase classname="ar.com.bna.digitaltest.testcases.DebinTest" name="verifyHeader" time="0.0">
    <ignored/>
  </testcase> <!-- verifyHeader -->
  <testcase classname="ar.com.bna.digitaltest.testcases.DebinTest" name="generateDebinRecurrente" time="0.0">
    <ignored/>
  </testcase> <!-- generateDebinRecurrente -->
  <testcase classname="ar.com.bna.digitaltest.testcases.DebinTest" name="verifyTitle" time="0.0">
    <ignored/>
  </testcase> <!-- verifyTitle -->
</testsuite> <!-- Default test -->
