<?xml version="1.0" encoding="UTF-8"?>
<!-- Generated by org.testng.reporters.JUnitXMLReporter -->
<testsuite ignored="3" hostname="H4877CC0001" failures="4" tests="4" name="Test" time="365.136" errors="0" timestamp="2025-08-15T19:15:32 GMT-03:00">
  <testcase classname="ar.com.bna.digitaltest.testcases.DebinTest" name="generateDebin" time="46.91">
    <failure type="java.lang.NullPointerException" message="Cannot invoke &amp;quot;org.openqa.selenium.WebElement.getText()&amp;quot; because the return value of &amp;quot;ar.com.bna.digitaltest.pages.BasePage.waitUntilElementIsPresent(org.openqa.selenium.By)&amp;quot; is null">
      <![CDATA[java.lang.NullPointerException: Cannot invoke "org.openqa.selenium.WebElement.getText()" because the return value of "ar.com.bna.digitaltest.pages.BasePage.waitUntilElementIsPresent(org.openqa.selenium.By)" is null
at ar.com.bna.digitaltest.pages.TicketPage.getMessageText(TicketPage.java:18)
at ar.com.bna.digitaltest.testcases.DebinTest.generateDebin(DebinTest.java:68)
at java.base/java.util.ArrayList.forEach(ArrayList.java:1597)
... Removed 25 stack frames]]>
    </failure>
  </testcase> <!-- generateDebin -->
  <testcase classname="ar.com.bna.digitaltest.testcases.DebinTest" name="generateDebin" time="46.617">
    <failure type="java.lang.NullPointerException" message="Cannot invoke &amp;quot;org.openqa.selenium.WebElement.getText()&amp;quot; because the return value of &amp;quot;ar.com.bna.digitaltest.pages.BasePage.waitUntilElementIsPresent(org.openqa.selenium.By)&amp;quot; is null">
      <![CDATA[java.lang.NullPointerException: Cannot invoke "org.openqa.selenium.WebElement.getText()" because the return value of "ar.com.bna.digitaltest.pages.BasePage.waitUntilElementIsPresent(org.openqa.selenium.By)" is null
at ar.com.bna.digitaltest.pages.TicketPage.getMessageText(TicketPage.java:18)
at ar.com.bna.digitaltest.testcases.DebinTest.generateDebin(DebinTest.java:68)
at java.base/java.util.ArrayList.forEach(ArrayList.java:1597)
... Removed 25 stack frames]]>
    </failure>
  </testcase> <!-- generateDebin -->
  <testcase classname="ar.com.bna.digitaltest.testcases.DebinTest" name="generateDebinRecurrente" time="46.988">
    <failure type="java.lang.NullPointerException" message="Cannot invoke &amp;quot;org.openqa.selenium.WebElement.getText()&amp;quot; because the return value of &amp;quot;ar.com.bna.digitaltest.pages.BasePage.waitUntilElementIsPresent(org.openqa.selenium.By)&amp;quot; is null">
      <![CDATA[java.lang.NullPointerException: Cannot invoke "org.openqa.selenium.WebElement.getText()" because the return value of "ar.com.bna.digitaltest.pages.BasePage.waitUntilElementIsPresent(org.openqa.selenium.By)" is null
at ar.com.bna.digitaltest.pages.TicketPage.getMessageText(TicketPage.java:18)
at ar.com.bna.digitaltest.testcases.DebinTest.generateDebinRecurrente(DebinTest.java:84)
at java.base/java.util.ArrayList.forEach(ArrayList.java:1597)
... Removed 25 stack frames]]>
    </failure>
  </testcase> <!-- generateDebinRecurrente -->
  <testcase classname="ar.com.bna.digitaltest.testcases.DebinTest" name="generateDebinRecurrente" time="46.931">
    <failure type="java.lang.NullPointerException" message="Cannot invoke &amp;quot;org.openqa.selenium.WebElement.getText()&amp;quot; because the return value of &amp;quot;ar.com.bna.digitaltest.pages.BasePage.waitUntilElementIsPresent(org.openqa.selenium.By)&amp;quot; is null">
      <![CDATA[java.lang.NullPointerException: Cannot invoke "org.openqa.selenium.WebElement.getText()" because the return value of "ar.com.bna.digitaltest.pages.BasePage.waitUntilElementIsPresent(org.openqa.selenium.By)" is null
at ar.com.bna.digitaltest.pages.TicketPage.getMessageText(TicketPage.java:18)
at ar.com.bna.digitaltest.testcases.DebinTest.generateDebinRecurrente(DebinTest.java:84)
at java.base/java.util.ArrayList.forEach(ArrayList.java:1597)
... Removed 25 stack frames]]>
    </failure>
  </testcase> <!-- generateDebinRecurrente -->
  <testcase classname="ar.com.bna.digitaltest.testcases.DebinTest" name="verifyHeader" time="0.0">
    <ignored/>
  </testcase> <!-- verifyHeader -->
  <testcase classname="ar.com.bna.digitaltest.testcases.BaseTest" name="@AfterSuite openHtmlReport" time="0.0">
    <ignored/>
  </testcase> <!-- @AfterSuite openHtmlReport -->
  <testcase classname="ar.com.bna.digitaltest.testcases.DebinTest" name="verifyTitle" time="0.0">
    <ignored/>
  </testcase> <!-- verifyTitle -->
</testsuite> <!-- Test -->
