<?xml version="1.0" encoding="UTF-8"?>
<!-- Generated by org.testng.reporters.JUnitXMLReporter -->
<testsuite ignored="1" hostname="LAPTOP-51U0ISK4" failures="0" tests="2" name="Test" time="19.335" errors="0" timestamp="2025-03-08T18:18:25 ART">
  <testcase classname="ar.com.bna.digitaltest.testcases.TransferenciaTest" name="verifyTitle" time="0.013"/>
  <testcase classname="ar.com.bna.digitaltest.testcases.TransferenciaTest" name="verifyHeader" time="0.02"/>
  <testcase classname="ar.com.bna.digitaltest.testcases.BaseTest" name="@AfterSuite openHtmlReport" time="0.0">
    <ignored/>
  </testcase> <!-- @AfterSuite openHtmlReport -->
</testsuite> <!-- Test -->
