<?xml version="1.0" encoding="UTF-8"?>
<testng-results ignored="0" total="2" passed="2" failed="0" skipped="0">
  <reporter-output>
  </reporter-output>
  <suite started-at="2025-03-08T18:18:05 ART" name="Suite" finished-at="2025-03-08T18:18:24 ART" duration-ms="19335">
    <groups>
    </groups>
    <test started-at="2025-03-08T18:18:05 ART" name="Test" finished-at="2025-03-08T18:18:24 ART" duration-ms="19335">
      <class name="ar.com.bna.digitaltest.testcases.BaseTest">
        <test-method is-config="true" signature="openHtmlReport()[pri:0, instance:ar.com.bna.digitaltest.testcases.BaseTest@25b2cfcb]" started-at="2025-03-08T18:18:25 ART" name="openHtmlReport" finished-at="2025-03-08T18:18:25 ART" duration-ms="278" status="PASS">
          <reporter-output>
          </reporter-output>
        </test-method> <!-- openHtmlReport -->
      </class> <!-- ar.com.bna.digitaltest.testcases.BaseTest -->
      <class name="ar.com.bna.digitaltest.testcases.TransferenciaTest">
        <test-method is-config="true" signature="initializeProperties()[pri:0, instance:ar.com.bna.digitaltest.testcases.TransferenciaTest@7756c3cd]" started-at="2025-03-08T18:18:05 ART" name="initializeProperties" finished-at="2025-03-08T18:18:05 ART" duration-ms="9" status="PASS">
          <reporter-output>
          </reporter-output>
        </test-method> <!-- initializeProperties -->
        <test-method is-config="true" signature="setup()[pri:0, instance:ar.com.bna.digitaltest.testcases.TransferenciaTest@7756c3cd]" started-at="2025-03-08T18:18:05 ART" name="setup" finished-at="2025-03-08T18:18:09 ART" duration-ms="4202" status="PASS">
          <reporter-output>
          </reporter-output>
        </test-method> <!-- setup -->
        <test-method is-config="true" signature="loginAndGoToNuevoPagoPage()[pri:0, instance:ar.com.bna.digitaltest.testcases.TransferenciaTest@7756c3cd]" started-at="2025-03-08T18:18:09 ART" name="loginAndGoToNuevoPagoPage" finished-at="2025-03-08T18:18:15 ART" duration-ms="5768" status="PASS">
          <reporter-output>
          </reporter-output>
        </test-method> <!-- loginAndGoToNuevoPagoPage -->
        <test-method signature="verifyTitle()[pri:1, instance:ar.com.bna.digitaltest.testcases.TransferenciaTest@7756c3cd]" started-at="2025-03-08T18:18:15 ART" name="verifyTitle" finished-at="2025-03-08T18:18:15 ART" duration-ms="13" status="PASS">
          <reporter-output>
          </reporter-output>
        </test-method> <!-- verifyTitle -->
        <test-method is-config="true" signature="setup()[pri:0, instance:ar.com.bna.digitaltest.testcases.TransferenciaTest@7756c3cd]" started-at="2025-03-08T18:18:15 ART" name="setup" finished-at="2025-03-08T18:18:19 ART" duration-ms="3547" status="PASS">
          <reporter-output>
          </reporter-output>
        </test-method> <!-- setup -->
        <test-method is-config="true" signature="loginAndGoToNuevoPagoPage()[pri:0, instance:ar.com.bna.digitaltest.testcases.TransferenciaTest@7756c3cd]" started-at="2025-03-08T18:18:19 ART" name="loginAndGoToNuevoPagoPage" finished-at="2025-03-08T18:18:24 ART" duration-ms="5744" status="PASS">
          <reporter-output>
          </reporter-output>
        </test-method> <!-- loginAndGoToNuevoPagoPage -->
        <test-method signature="verifyHeader()[pri:2, instance:ar.com.bna.digitaltest.testcases.TransferenciaTest@7756c3cd]" started-at="2025-03-08T18:18:24 ART" name="verifyHeader" finished-at="2025-03-08T18:18:24 ART" duration-ms="20" status="PASS">
          <reporter-output>
          </reporter-output>
        </test-method> <!-- verifyHeader -->
      </class> <!-- ar.com.bna.digitaltest.testcases.TransferenciaTest -->
    </test> <!-- Test -->
  </suite> <!-- Suite -->
</testng-results>
