<?xml version="1.0" encoding="UTF-8"?>
<testng-results ignored="0" total="1" passed="0" failed="1" skipped="0">
  <reporter-output>
  </reporter-output>
  <suite started-at="2025-08-17T10:48:15 ART" name="Default suite" finished-at="2025-08-17T10:48:23 ART" duration-ms="7772">
    <groups>
    </groups>
    <test started-at="2025-08-17T10:48:15 ART" name="Default test" finished-at="2025-08-17T10:48:23 ART" duration-ms="7772">
      <class name="ar.com.bna.digitaltest.testcases.PFTest">
        <test-method is-config="true" signature="initializeProperties()[pri:0, instance:ar.com.bna.digitaltest.testcases.PFTest@4fb0f2b9]" started-at="2025-08-17T10:48:15 ART" name="initializeProperties" finished-at="2025-08-17T10:48:15 ART" duration-ms="6" status="PASS">
          <reporter-output>
          </reporter-output>
        </test-method> <!-- initializeProperties -->
        <test-method is-config="true" signature="setup()[pri:0, instance:ar.com.bna.digitaltest.testcases.PFTest@4fb0f2b9]" started-at="2025-08-17T10:48:15 ART" name="setup" finished-at="2025-08-17T10:48:19 ART" duration-ms="4009" status="PASS">
          <reporter-output>
          </reporter-output>
        </test-method> <!-- setup -->
        <test-method is-config="true" signature="loginAndGoToInvestmentsPage()[pri:0, instance:ar.com.bna.digitaltest.testcases.PFTest@4fb0f2b9]" started-at="2025-08-17T10:48:19 ART" name="loginAndGoToInvestmentsPage" finished-at="2025-08-17T10:48:19 ART" duration-ms="1" status="PASS">
          <reporter-output>
          </reporter-output>
        </test-method> <!-- loginAndGoToInvestmentsPage -->
        <test-method signature="generatePF()[pri:1, instance:ar.com.bna.digitaltest.testcases.PFTest@4fb0f2b9]" started-at="2025-08-17T10:48:19 ART" name="generatePF" finished-at="2025-08-17T10:48:23 ART" duration-ms="3691" status="FAIL">
          <exception class="java.lang.NullPointerException">
            <message>
              <![CDATA[Cannot invoke "org.openqa.selenium.WebElement.isDisplayed()" because the return value of "ar.com.bna.digitaltest.pages.BasePage.waitUntilElementIsPresent(org.openqa.selenium.By)" is null]]>
            </message>
            <full-stacktrace>
              <![CDATA[java.lang.NullPointerException: Cannot invoke "org.openqa.selenium.WebElement.isDisplayed()" because the return value of "ar.com.bna.digitaltest.pages.BasePage.waitUntilElementIsPresent(org.openqa.selenium.By)" is null
at ar.com.bna.digitaltest.pages.HomePage.getCuentasClienteEmpresa(HomePage.java:32)
at ar.com.bna.digitaltest.pages.HomePage.getInvestmentsPage(HomePage.java:66)
at ar.com.bna.digitaltest.testcases.PFTest.generatePF(PFTest.java:48)
at java.base/jdk.internal.reflect.DirectMethodHandleAccessor.invoke(DirectMethodHandleAccessor.java:104)
at java.base/java.lang.reflect.Method.invoke(Method.java:577)
at org.testng.internal.MethodInvocationHelper.invokeMethod(MethodInvocationHelper.java:133)
at org.testng.internal.TestInvoker.invokeMethod(TestInvoker.java:598)
at org.testng.internal.TestInvoker.invokeTestMethod(TestInvoker.java:173)
at org.testng.internal.MethodRunner.runInSequence(MethodRunner.java:46)
at org.testng.internal.TestInvoker$MethodInvocationAgent.invoke(TestInvoker.java:824)
at org.testng.internal.TestInvoker.invokeTestMethods(TestInvoker.java:146)
at org.testng.internal.TestMethodWorker.invokeTestMethods(TestMethodWorker.java:146)
at org.testng.internal.TestMethodWorker.run(TestMethodWorker.java:128)
at java.base/java.util.ArrayList.forEach(ArrayList.java:1511)
at org.testng.TestRunner.privateRun(TestRunner.java:794)
at org.testng.TestRunner.run(TestRunner.java:596)
at org.testng.SuiteRunner.runTest(SuiteRunner.java:377)
at org.testng.SuiteRunner.runSequentially(SuiteRunner.java:371)
at org.testng.SuiteRunner.privateRun(SuiteRunner.java:332)
at org.testng.SuiteRunner.run(SuiteRunner.java:276)
at org.testng.SuiteRunnerWorker.runSuite(SuiteRunnerWorker.java:53)
at org.testng.SuiteRunnerWorker.run(SuiteRunnerWorker.java:96)
at org.testng.TestNG.runSuitesSequentially(TestNG.java:1212)
at org.testng.TestNG.runSuitesLocally(TestNG.java:1134)
at org.testng.TestNG.runSuites(TestNG.java:1063)
at org.testng.TestNG.run(TestNG.java:1031)
at org.testng.remote.AbstractRemoteTestNG.run(AbstractRemoteTestNG.java:115)
at org.testng.remote.RemoteTestNG.initAndRun(RemoteTestNG.java:293)
at org.testng.remote.RemoteTestNG.main(RemoteTestNG.java:91)
]]>
            </full-stacktrace>
          </exception> <!-- java.lang.NullPointerException -->
          <reporter-output>
          </reporter-output>
        </test-method> <!-- generatePF -->
        <test-method is-config="true" signature="tearDown()[pri:0, instance:ar.com.bna.digitaltest.testcases.PFTest@4fb0f2b9]" started-at="2025-08-17T10:48:23 ART" name="tearDown" finished-at="2025-08-17T10:48:23 ART" duration-ms="42" status="PASS">
          <reporter-output>
          </reporter-output>
        </test-method> <!-- tearDown -->
        <test-method is-config="true" signature="openHtmlReport()[pri:0, instance:ar.com.bna.digitaltest.testcases.PFTest@4fb0f2b9]" started-at="2025-08-17T10:48:23 ART" name="openHtmlReport" finished-at="2025-08-17T10:48:23 ART" duration-ms="175" status="PASS">
          <reporter-output>
          </reporter-output>
        </test-method> <!-- openHtmlReport -->
      </class> <!-- ar.com.bna.digitaltest.testcases.PFTest -->
    </test> <!-- Default test -->
  </suite> <!-- Default suite -->
</testng-results>
